e:\documents\visual studio 2015\projects\lab9\multiplicationcode\debug\multiplicationcode.pch
e:\documents\visual studio 2015\projects\lab9\multiplicationcode\debug\vc140.pdb
e:\documents\visual studio 2015\projects\lab9\multiplicationcode\debug\stdafx.obj
e:\documents\visual studio 2015\projects\lab9\multiplicationcode\debug\multiplicationcode.obj
e:\documents\visual studio 2015\projects\lab9\multiplicationcode\debug\assemblyinfo.obj
e:\documents\visual studio 2015\projects\lab9\multiplicationcode\debug\.netframework,version=v4.5.2.assemblyattributes.obj
e:\documents\visual studio 2015\projects\lab9\multiplicationcode\debug\.netframework,version=v4.5.2.assemblyattributes.asm
e:\documents\visual studio 2015\projects\lab9\debug\multiplicationcode.dll
e:\documents\visual studio 2015\projects\lab9\debug\multiplicationcode.pdb
e:\documents\visual studio 2015\projects\lab9\multiplicationcode\debug\app.res
e:\documents\visual studio 2015\projects\lab9\multiplicationcode\debug\multiplicationcode.vcxprojresolveassemblyreference.cache
e:\documents\visual studio 2015\projects\lab9\multiplicationcode\debug\multipli.56a20ee9.tlog\cl.command.1.tlog
e:\documents\visual studio 2015\projects\lab9\multiplicationcode\debug\multipli.56a20ee9.tlog\cl.read.1.tlog
e:\documents\visual studio 2015\projects\lab9\multiplicationcode\debug\multipli.56a20ee9.tlog\cl.write.1.tlog
e:\documents\visual studio 2015\projects\lab9\multiplicationcode\debug\multipli.56a20ee9.tlog\link.command.1.tlog
e:\documents\visual studio 2015\projects\lab9\multiplicationcode\debug\multipli.56a20ee9.tlog\link.read.1.tlog
e:\documents\visual studio 2015\projects\lab9\multiplicationcode\debug\multipli.56a20ee9.tlog\link.write.1.tlog
e:\documents\visual studio 2015\projects\lab9\multiplicationcode\debug\multipli.56a20ee9.tlog\metagen.read.1.tlog
e:\documents\visual studio 2015\projects\lab9\multiplicationcode\debug\multipli.56a20ee9.tlog\metagen.write.1.tlog
e:\documents\visual studio 2015\projects\lab9\multiplicationcode\debug\multipli.56a20ee9.tlog\rc.command.1.tlog
e:\documents\visual studio 2015\projects\lab9\multiplicationcode\debug\multipli.56a20ee9.tlog\rc.read.1.tlog
e:\documents\visual studio 2015\projects\lab9\multiplicationcode\debug\multipli.56a20ee9.tlog\rc.write.1.tlog
e:\documents\visual studio 2015\projects\lab9\multiplicationcode\debug\multipli.56a20ee9.tlog\rsaenh.dll.bi
e:\documents\visual studio 2015\projects\lab9\multiplicationcode\debug\multipli.56a20ee9.tlog\tzres.dll.bi
